<?xml version="1.0" encoding="UTF-8"?>
<!-- Generated by org.testng.reporters.JUnitReportReporter -->
<testsuite hostname="swati-PC" name="practice.Demo" tests="1" failures="0" timestamp="13 Mar 2017 11:37:38 GMT" time="35.797" errors="0">
  <testcase name="contextClick" time="35.797" classname="practice.Demo"/>
</testsuite> <!-- practice.Demo -->
